Copyright 1986-2020 Xilinx, Inc. All Rights Reserved.
---------------------------------------------------------------------------------------
| Tool Version : Vivado v.2020.1 (win64) Build 2902540 Wed May 27 19:54:49 MDT 2020
| Date         : Wed Oct 12 16:49:35 2022
| Host         : 603-14 running 64-bit major release  (build 9200)
| Command      : report_control_sets -verbose -file Top_module_control_sets_placed.rpt
| Design       : Top_module
| Device       : xc7a35t
---------------------------------------------------------------------------------------

Control Set Information

Table of Contents
-----------------
1. Summary
2. Histogram
3. Flip-Flop Distribution
4. Detailed Control Set Information

1. Summary
----------

+----------------------------------------------------------+-------+
|                          Status                          | Count |
+----------------------------------------------------------+-------+
| Total control sets                                       |     5 |
|    Minimum number of control sets                        |     5 |
|    Addition due to synthesis replication                 |     0 |
|    Addition due to physical synthesis replication        |     0 |
| Unused register locations in slices containing registers |    13 |
+----------------------------------------------------------+-------+
* Control sets can be merged at opt_design using control_set_merge or merge_equivalent_drivers
** Run report_qor_suggestions for automated merging and remapping suggestions


2. Histogram
------------

+--------------------+-------+
|       Fanout       | Count |
+--------------------+-------+
| Total control sets |     5 |
| >= 0 to < 4        |     0 |
| >= 4 to < 6        |     0 |
| >= 6 to < 8        |     3 |
| >= 8 to < 10       |     0 |
| >= 10 to < 12      |     0 |
| >= 12 to < 14      |     1 |
| >= 14 to < 16      |     0 |
| >= 16              |     1 |
+--------------------+-------+
* Control sets can be remapped at either synth_design or opt_design


3. Flip-Flop Distribution
-------------------------

+--------------+-----------------------+------------------------+-----------------+--------------+
| Clock Enable | Synchronous Set/Reset | Asynchronous Set/Reset | Total Registers | Total Slices |
+--------------+-----------------------+------------------------+-----------------+--------------+
| No           | No                    | No                     |               0 |            0 |
| No           | No                    | Yes                    |              46 |           18 |
| No           | Yes                   | No                     |               0 |            0 |
| Yes          | No                    | No                     |               0 |            0 |
| Yes          | No                    | Yes                    |              21 |           10 |
| Yes          | Yes                   | No                     |               0 |            0 |
+--------------+-----------------------+------------------------+-----------------+--------------+


4. Detailed Control Set Information
-----------------------------------

+------------------+--------------------------------------+------------------+------------------+----------------+--------------+
|   Clock Signal   |             Enable Signal            | Set/Reset Signal | Slice Load Count | Bel Load Count | Bels / Slice |
+------------------+--------------------------------------+------------------+------------------+----------------+--------------+
|  r_clk_BUFG      | Time_clock_counter/r_hour[6]_i_1_n_0 | i_reset_IBUF     |                3 |              7 |         2.33 |
|  r_clk_BUFG      | Time_clock_counter/r_sec[6]_i_1_n_0  | i_reset_IBUF     |                4 |              7 |         1.75 |
|  r_clk_BUFG      | Time_clock_counter/r_min[6]_i_1_n_0  | i_reset_IBUF     |                3 |              7 |         2.33 |
|  r_clk_BUFG      |                                      | i_reset_IBUF     |                5 |             13 |         2.60 |
|  i_clk_IBUF_BUFG |                                      | i_reset_IBUF     |               13 |             33 |         2.54 |
+------------------+--------------------------------------+------------------+------------------+----------------+--------------+


